TN:
SF:E:\vue-gulu\src\svg.js
FN:1,(anonymous_0)
FN:1,(anonymous_1)
FN:1,(anonymous_2)
FN:1,(anonymous_3)
FN:1,(anonymous_4)
FN:1,(anonymous_5)
FN:1,(anonymous_6)
FNF:7
FNH:4
FNDA:5,(anonymous_0)
FNDA:5,(anonymous_1)
FNDA:5,(anonymous_2)
FNDA:0,(anonymous_3)
FNDA:0,(anonymous_4)
FNDA:0,(anonymous_5)
FNDA:5,(anonymous_6)
DA:1,5
LF:1
LH:1
BRDA:1,0,0,0
BRDA:1,0,1,5
BRDA:1,1,0,5
BRDA:1,1,1,0
BRDA:1,2,0,0
BRDA:1,2,1,0
BRDA:1,3,0,5
BRDA:1,3,1,0
BRDA:1,4,0,0
BRDA:1,4,1,5
BRDA:1,5,0,0
BRDA:1,5,1,0
BRDA:1,6,0,0
BRDA:1,6,1,0
BRDA:1,7,0,0
BRDA:1,7,1,0
BRDA:1,8,0,5
BRDA:1,8,1,5
BRDA:1,9,0,5
BRDA:1,9,1,0
BRF:20
BRH:7
end_of_record
TN:
SF:E:\vue-gulu\src\icon.vue
FNF:0
FNH:0
LF:0
LH:0
BRF:0
BRH:0
end_of_record
TN:
SF:E:\vue-gulu\src\button\button.vue
FN:28,(anonymous_0)
FNF:1
FNH:1
FNDA:5,(anonymous_0)
DA:29,5
LF:1
LH:1
BRDA:29,0,0,5
BRDA:29,0,1,1
BRF:2
BRH:2
end_of_record
TN:
SF:E:\vue-gulu\tests\unit\button.spec.js
FN:8,(anonymous_0)
FN:9,(anonymous_1)
FN:12,(anonymous_2)
FN:23,(anonymous_3)
FN:35,(anonymous_4)
FN:48,(anonymous_5)
FN:60,(anonymous_6)
FNF:7
FNH:7
FNDA:1,(anonymous_0)
FNDA:1,(anonymous_1)
FNDA:1,(anonymous_2)
FNDA:1,(anonymous_3)
FNDA:1,(anonymous_4)
FNDA:1,(anonymous_5)
FNDA:1,(anonymous_6)
DA:6,1
DA:8,1
DA:9,1
DA:10,1
DA:12,1
DA:13,1
DA:18,1
DA:19,1
DA:20,1
DA:23,1
DA:24,1
DA:30,1
DA:31,1
DA:32,1
DA:33,1
DA:35,1
DA:36,1
DA:42,1
DA:43,1
DA:44,1
DA:45,1
DA:46,1
DA:48,1
DA:49,1
DA:56,1
DA:57,1
DA:58,1
DA:60,1
DA:61,1
DA:66,1
DA:67,1
DA:68,1
DA:69,1
DA:70,1
LF:34
LH:34
BRF:0
BRH:0
end_of_record
TN:
SF:E:\vue-gulu\src\grid\col.vue
FN:7,(anonymous_0)
FN:10,(anonymous_1)
FN:19,(anonymous_2)
FN:25,(anonymous_3)
FN:50,(anonymous_4)
FN:61,(anonymous_5)
FNF:6
FNH:0
FNDA:0,(anonymous_0)
FNDA:0,(anonymous_1)
FNDA:0,(anonymous_2)
FNDA:0,(anonymous_3)
FNDA:0,(anonymous_4)
FNDA:0,(anonymous_5)
DA:7,1
DA:8,0
DA:9,0
DA:10,0
DA:11,0
DA:12,0
DA:15,0
DA:20,0
DA:26,0
DA:27,0
DA:28,0
DA:29,0
DA:31,0
DA:32,0
DA:34,0
DA:51,0
DA:52,0
DA:53,0
DA:62,0
LF:19
LH:1
BRDA:11,0,0,0
BRDA:11,0,1,0
BRDA:25,1,0,0
BRDA:26,2,0,0
BRDA:26,2,1,0
BRDA:28,3,0,0
BRDA:28,3,1,0
BRDA:31,4,0,0
BRDA:31,4,1,0
BRF:9
BRH:0
end_of_record
TN:
SF:E:\vue-gulu\tests\unit\col.spec.js
FN:7,(anonymous_0)
FN:8,(anonymous_1)
FNF:2
FNH:2
FNDA:1,(anonymous_0)
FNDA:1,(anonymous_1)
DA:6,1
DA:7,1
DA:8,1
DA:9,1
LF:4
LH:4
BRF:0
BRH:0
end_of_record
TN:
SF:E:\vue-gulu\src\collapse\collapse-item.vue
FN:12,(anonymous_0)
FN:28,(anonymous_1)
FN:29,(anonymous_2)
FN:38,(anonymous_3)
FNF:4
FNH:0
FNDA:0,(anonymous_0)
FNDA:0,(anonymous_1)
FNDA:0,(anonymous_2)
FNDA:0,(anonymous_3)
DA:13,0
DA:29,0
DA:30,0
DA:31,0
DA:33,0
DA:39,0
DA:41,0
DA:44,0
LF:8
LH:0
BRDA:29,0,0,0
BRDA:29,0,1,0
BRDA:30,1,0,0
BRDA:30,1,1,0
BRDA:39,2,0,0
BRDA:39,2,1,0
BRDA:41,3,0,0
BRDA:41,3,1,0
BRDA:44,4,0,0
BRDA:44,4,1,0
BRF:10
BRH:0
end_of_record
TN:
SF:E:\vue-gulu\tests\unit\collapse-item.spec.js
FN:7,(anonymous_0)
FN:8,(anonymous_1)
FNF:2
FNH:2
FNDA:1,(anonymous_0)
FNDA:1,(anonymous_1)
DA:6,1
DA:7,1
DA:8,1
DA:9,1
LF:4
LH:4
BRF:0
BRH:0
end_of_record
TN:
SF:E:\vue-gulu\src\collapse\collapse.vue
FN:12,(anonymous_0)
FN:27,(anonymous_1)
FN:32,(anonymous_2)
FN:34,(anonymous_3)
FN:44,(anonymous_4)
FNF:5
FNH:0
FNDA:0,(anonymous_0)
FNDA:0,(anonymous_1)
FNDA:0,(anonymous_2)
FNDA:0,(anonymous_3)
FNDA:0,(anonymous_4)
DA:13,0
DA:28,0
DA:33,0
DA:34,0
DA:35,0
DA:36,0
DA:37,0
DA:39,0
DA:41,0
DA:42,0
DA:44,0
DA:45,0
DA:46,0
DA:47,0
DA:48,0
DA:49,0
LF:16
LH:0
BRDA:36,0,0,0
BRDA:36,0,1,0
BRF:2
BRH:0
end_of_record
TN:
SF:E:\vue-gulu\tests\unit\collapse.spec.js
FN:7,(anonymous_0)
FN:8,(anonymous_1)
FNF:2
FNH:2
FNDA:1,(anonymous_0)
FNDA:1,(anonymous_1)
DA:6,1
DA:7,1
DA:8,1
DA:9,1
LF:4
LH:4
BRF:0
BRH:0
end_of_record
TN:
SF:E:\vue-gulu\src\input.vue
FNF:0
FNH:0
LF:0
LH:0
BRF:0
BRH:0
end_of_record
TN:
SF:E:\vue-gulu\tests\unit\input.spec.js
FN:7,(anonymous_0)
FN:8,(anonymous_1)
FNF:2
FNH:2
FNDA:1,(anonymous_0)
FNDA:1,(anonymous_1)
DA:6,1
DA:7,1
DA:8,1
DA:9,1
LF:4
LH:4
BRF:0
BRH:0
end_of_record
TN:
SF:E:\vue-gulu\src\lanlan.js
FN:1,fn
FNF:1
FNH:1
FNDA:3,fn
DA:2,3
DA:3,2
DA:4,1
DA:6,1
DA:10,1
LF:5
LH:5
BRDA:2,0,0,2
BRDA:2,0,1,1
BRDA:3,1,0,1
BRDA:3,1,1,1
BRF:4
BRH:4
end_of_record
TN:
SF:E:\vue-gulu\tests\unit\lanlan.spec.js
FN:3,(anonymous_0)
FN:4,(anonymous_1)
FN:7,(anonymous_2)
FN:10,(anonymous_3)
FN:13,(anonymous_4)
FNF:5
FNH:5
FNDA:1,(anonymous_0)
FNDA:1,(anonymous_1)
FNDA:1,(anonymous_2)
FNDA:1,(anonymous_3)
FNDA:1,(anonymous_4)
DA:3,1
DA:4,1
DA:5,1
DA:7,1
DA:8,1
DA:10,1
DA:11,1
DA:13,1
DA:14,1
LF:9
LH:9
BRF:0
BRH:0
end_of_record
TN:
SF:E:\vue-gulu\src\nav\nav.vue
FN:10,(anonymous_0)
FN:16,(anonymous_1)
FN:31,(anonymous_2)
FN:35,(anonymous_3)
FN:39,(anonymous_4)
FN:42,(anonymous_5)
FN:43,(anonymous_6)
FN:51,(anonymous_7)
FN:52,(anonymous_8)
FN:53,(anonymous_9)
FNF:10
FNH:9
FNDA:2,(anonymous_0)
FNDA:2,(anonymous_1)
FNDA:2,(anonymous_2)
FNDA:0,(anonymous_3)
FNDA:8,(anonymous_4)
FNDA:2,(anonymous_5)
FNDA:8,(anonymous_6)
FNDA:2,(anonymous_7)
FNDA:8,(anonymous_8)
FNDA:1,(anonymous_9)
DA:11,2
DA:17,2
DA:32,2
DA:33,2
DA:36,0
DA:40,8
DA:43,2
DA:44,8
DA:45,2
DA:47,6
DA:52,2
DA:53,8
DA:54,1
LF:13
LH:12
BRDA:44,0,0,2
BRDA:44,0,1,6
BRF:2
BRH:2
end_of_record
TN:
SF:E:\vue-gulu\src\nav\nav-item.vue
FN:17,(anonymous_0)
FN:23,(anonymous_1)
FN:29,(anonymous_2)
FNF:3
FNH:3
FNDA:8,(anonymous_0)
FNDA:1,(anonymous_1)
FNDA:8,(anonymous_2)
DA:18,8
DA:24,1
DA:25,1
DA:26,1
DA:30,8
LF:5
LH:5
BRDA:25,0,0,1
BRDA:25,0,1,1
BRF:2
BRH:2
end_of_record
TN:
SF:E:\vue-gulu\src\click-outside.js
FN:1,(anonymous_0)
FN:3,(anonymous_1)
FN:14,(anonymous_2)
FN:18,(anonymous_3)
FNF:4
FNH:3
FNDA:2,(anonymous_0)
FNDA:4,(anonymous_1)
FNDA:2,(anonymous_2)
FNDA:0,(anonymous_3)
DA:1,1
DA:2,2
DA:3,2
DA:4,4
DA:5,0
DA:7,4
DA:11,1
DA:12,1
DA:15,2
DA:18,1
DA:19,0
LF:11
LH:9
BRDA:4,0,0,0
BRDA:4,0,1,4
BRDA:4,1,0,4
BRDA:4,1,1,4
BRF:4
BRH:3
end_of_record
TN:
SF:E:\vue-gulu\src\nav\sub-nav.vue
FN:41,(anonymous_0)
FN:47,(anonymous_1)
FN:52,(anonymous_2)
FN:57,(anonymous_3)
FN:61,(anonymous_4)
FN:64,(anonymous_5)
FN:69,(anonymous_6)
FN:73,(anonymous_7)
FN:76,(anonymous_8)
FN:79,(anonymous_9)
FN:82,(anonymous_10)
FNF:11
FNH:4
FNDA:2,(anonymous_0)
FNDA:4,(anonymous_1)
FNDA:0,(anonymous_2)
FNDA:0,(anonymous_3)
FNDA:0,(anonymous_4)
FNDA:0,(anonymous_5)
FNDA:0,(anonymous_6)
FNDA:0,(anonymous_7)
FNDA:0,(anonymous_8)
FNDA:4,(anonymous_9)
FNDA:1,(anonymous_10)
DA:42,2
DA:48,4
DA:53,0
DA:54,0
DA:55,0
DA:56,0
DA:57,0
DA:58,0
DA:62,0
DA:65,0
DA:66,0
DA:67,0
DA:68,0
DA:69,0
DA:70,0
DA:74,0
DA:77,0
DA:80,4
DA:83,1
DA:84,1
DA:85,0
LF:21
LH:5
BRDA:48,0,0,1
BRDA:48,0,1,3
BRDA:84,1,0,0
BRDA:84,1,1,1
BRF:4
BRH:3
end_of_record
TN:
SF:E:\vue-gulu\tests\unit\nav.spec.js
FN:11,(anonymous_0)
FN:12,(anonymous_1)
FN:15,(anonymous_2)
FN:32,(anonymous_3)
FN:37,(anonymous_4)
FNF:5
FNH:5
FNDA:1,(anonymous_0)
FNDA:1,(anonymous_1)
FNDA:1,(anonymous_2)
FNDA:1,(anonymous_3)
FNDA:1,(anonymous_4)
DA:9,1
DA:11,1
DA:12,1
DA:13,1
DA:15,1
DA:16,1
DA:17,1
DA:18,1
DA:32,1
DA:33,1
DA:34,1
DA:37,1
DA:38,1
DA:39,1
DA:40,1
DA:41,1
DA:58,1
DA:59,1
DA:60,1
LF:19
LH:19
BRF:0
BRH:0
end_of_record
TN:
SF:E:\vue-gulu\src\popover.vue
FN:16,(anonymous_0)
FN:21,(anonymous_1)
FN:29,(anonymous_2)
FN:38,(anonymous_3)
FN:45,(anonymous_4)
FN:57,(anonymous_5)
FN:64,(anonymous_6)
FN:74,(anonymous_7)
FN:83,(anonymous_8)
FN:110,(anonymous_9)
FN:112,(anonymous_10)
FN:117,(anonymous_11)
FN:121,(anonymous_12)
FNF:13
FNH:10
FNDA:2,(anonymous_0)
FNDA:2,(anonymous_1)
FNDA:0,(anonymous_2)
FNDA:0,(anonymous_3)
FNDA:0,(anonymous_4)
FNDA:2,(anonymous_5)
FNDA:2,(anonymous_6)
FNDA:2,(anonymous_7)
FNDA:2,(anonymous_8)
FNDA:2,(anonymous_9)
FNDA:2,(anonymous_10)
FNDA:2,(anonymous_11)
FNDA:1,(anonymous_12)
DA:17,2
DA:22,2
DA:23,1
DA:25,1
DA:26,1
DA:30,0
DA:31,0
DA:33,0
DA:34,0
DA:39,0
DA:40,0
DA:42,0
DA:46,0
DA:47,0
DA:49,0
DA:58,2
DA:65,2
DA:75,2
DA:77,0
DA:78,2
DA:80,0
DA:81,2
DA:84,2
DA:85,2
DA:86,2
DA:87,2
DA:88,2
DA:107,2
DA:108,2
DA:111,2
DA:112,2
DA:113,2
DA:114,2
DA:118,2
DA:119,2
DA:122,1
DA:123,1
DA:124,0
DA:126,1
LF:39
LH:26
BRDA:22,0,0,1
BRDA:22,0,1,1
BRDA:30,1,0,0
BRDA:30,1,1,0
BRDA:39,2,0,0
BRDA:39,2,1,0
BRDA:46,3,0,0
BRDA:46,3,1,0
BRDA:75,4,0,0
BRDA:75,4,1,2
BRDA:75,5,0,2
BRDA:75,5,1,2
BRDA:75,5,2,2
BRDA:78,6,0,0
BRDA:78,6,1,2
BRDA:78,7,0,2
BRDA:78,7,1,2
BRDA:78,7,2,2
BRDA:122,8,0,1
BRDA:122,8,1,0
BRDA:123,9,0,0
BRDA:123,9,1,1
BRF:22
BRH:12
end_of_record
TN:
SF:E:\vue-gulu\tests\unit\popover.spec.js
FN:8,(anonymous_0)
FN:9,(anonymous_1)
FN:12,(anonymous_2)
FN:27,(anonymous_3)
FNF:4
FNH:4
FNDA:1,(anonymous_0)
FNDA:1,(anonymous_1)
FNDA:1,(anonymous_2)
FNDA:1,(anonymous_3)
DA:6,1
DA:8,1
DA:9,1
DA:10,1
DA:12,1
DA:13,1
DA:22,1
DA:23,1
DA:24,1
DA:27,1
DA:28,1
DA:38,1
DA:39,1
DA:40,1
LF:14
LH:14
BRF:0
BRH:0
end_of_record
TN:
SF:E:\vue-gulu\src\grid\row.vue
FN:15,(anonymous_0)
FN:21,(anonymous_1)
FN:28,(anonymous_2)
FN:33,(anonymous_3)
FN:34,(anonymous_4)
FNF:5
FNH:0
FNDA:0,(anonymous_0)
FNDA:0,(anonymous_1)
FNDA:0,(anonymous_2)
FNDA:0,(anonymous_3)
FNDA:0,(anonymous_4)
DA:16,0
DA:22,0
DA:23,0
DA:29,0
DA:30,0
DA:34,0
DA:35,0
LF:7
LH:0
BRDA:30,0,0,0
BRDA:30,0,1,0
BRF:2
BRH:0
end_of_record
TN:
SF:E:\vue-gulu\tests\unit\row.spec.js
FN:7,(anonymous_0)
FN:8,(anonymous_1)
FNF:2
FNH:2
FNDA:1,(anonymous_0)
FNDA:1,(anonymous_1)
DA:6,1
DA:7,1
DA:8,1
DA:9,1
LF:4
LH:4
BRF:0
BRH:0
end_of_record
TN:
SF:E:\vue-gulu\src\slider\slides.vue
FN:44,(anonymous_0)
FN:52,(anonymous_1)
FN:59,(anonymous_2)
FN:62,(anonymous_3)
FN:66,(anonymous_4)
FN:70,(anonymous_5)
FN:71,(anonymous_6)
FN:73,(anonymous_7)
FN:74,(anonymous_8)
FN:78,(anonymous_9)
FN:81,(anonymous_10)
FN:85,(anonymous_11)
FN:88,(anonymous_12)
FN:91,(anonymous_13)
FN:98,(anonymous_14)
FN:112,(anonymous_15)
FN:116,(anonymous_16)
FN:118,(anonymous_17)
FN:126,(anonymous_18)
FN:130,(anonymous_19)
FN:136,(anonymous_20)
FN:140,(anonymous_21)
FN:142,(anonymous_22)
FN:153,(anonymous_23)
FNF:24
FNH:17
FNDA:6,(anonymous_0)
FNDA:6,(anonymous_1)
FNDA:156,(anonymous_2)
FNDA:0,(anonymous_3)
FNDA:6,(anonymous_4)
FNDA:6,(anonymous_5)
FNDA:18,(anonymous_6)
FNDA:6,(anonymous_7)
FNDA:30,(anonymous_8)
FNDA:1,(anonymous_9)
FNDA:1,(anonymous_10)
FNDA:0,(anonymous_11)
FNDA:0,(anonymous_12)
FNDA:0,(anonymous_13)
FNDA:0,(anonymous_14)
FNDA:0,(anonymous_15)
FNDA:3,(anonymous_16)
FNDA:136,(anonymous_17)
FNDA:0,(anonymous_18)
FNDA:140,(anonymous_19)
FNDA:298,(anonymous_20)
FNDA:162,(anonymous_21)
FNDA:486,(anonymous_22)
FNDA:486,(anonymous_23)
DA:45,6
DA:53,6
DA:54,6
DA:55,3
DA:57,6
DA:60,156
DA:63,0
DA:67,6
DA:68,6
DA:71,18
DA:74,30
DA:79,1
DA:83,1
DA:86,0
DA:89,0
DA:92,0
DA:93,0
DA:94,0
DA:96,0
DA:99,0
DA:100,0
DA:101,0
DA:102,0
DA:103,0
DA:104,0
DA:105,0
DA:106,0
DA:107,0
DA:109,0
DA:112,0
DA:113,0
DA:117,3
DA:118,3
DA:119,136
DA:120,136
DA:121,136
DA:122,136
DA:124,3
DA:127,0
DA:128,0
DA:131,140
DA:132,140
DA:133,140
DA:134,140
DA:137,298
DA:138,298
DA:141,162
DA:142,162
DA:143,486
DA:144,486
DA:145,444
DA:146,0
DA:148,444
DA:149,0
DA:152,486
DA:153,486
DA:154,486
LF:57
LH:34
BRDA:54,0,0,3
BRDA:54,0,1,3
BRDA:68,1,0,1
BRDA:68,1,1,5
BRDA:93,2,0,0
BRDA:93,2,1,0
BRDA:105,3,0,0
BRDA:105,3,1,0
BRDA:106,4,0,0
BRDA:106,4,1,0
BRDA:117,5,0,0
BRDA:117,5,1,3
BRDA:132,6,0,0
BRDA:132,6,1,140
BRDA:133,7,0,0
BRDA:133,7,1,140
BRDA:138,8,0,298
BRDA:138,8,1,3
BRDA:143,9,0,0
BRDA:143,9,1,486
BRDA:144,10,0,444
BRDA:144,10,1,42
BRDA:145,11,0,0
BRDA:145,11,1,444
BRDA:145,12,0,444
BRDA:145,12,1,0
BRDA:148,13,0,0
BRDA:148,13,1,444
BRDA:148,14,0,444
BRDA:148,14,1,417
BRF:30
BRH:17
end_of_record
TN:
SF:E:\vue-gulu\src\slider\slides-item.vue
FN:19,(anonymous_0)
FN:26,(anonymous_1)
FNF:2
FNH:2
FNDA:18,(anonymous_0)
FNDA:36,(anonymous_1)
DA:20,18
DA:27,36
LF:2
LH:2
BRF:0
BRH:0
end_of_record
TN:
SF:E:\vue-gulu\tests\unit\slides.spec.js
FN:10,(anonymous_0)
FN:11,(anonymous_1)
FN:14,(anonymous_2)
FN:35,(anonymous_3)
FN:41,(anonymous_4)
FN:63,(anonymous_5)
FN:69,(anonymous_6)
FN:91,(anonymous_7)
FN:97,(anonymous_8)
FN:101,(anonymous_9)
FN:128,(anonymous_10)
FN:134,(anonymous_11)
FN:161,(anonymous_12)
FN:167,(anonymous_13)
FN:194,(anonymous_14)
FNF:15
FNH:15
FNDA:1,(anonymous_0)
FNDA:1,(anonymous_1)
FNDA:1,(anonymous_2)
FNDA:1,(anonymous_3)
FNDA:1,(anonymous_4)
FNDA:1,(anonymous_5)
FNDA:1,(anonymous_6)
FNDA:1,(anonymous_7)
FNDA:1,(anonymous_8)
FNDA:1,(anonymous_9)
FNDA:1,(anonymous_10)
FNDA:1,(anonymous_11)
FNDA:1,(anonymous_12)
FNDA:1,(anonymous_13)
FNDA:1,(anonymous_14)
DA:8,1
DA:10,1
DA:11,1
DA:12,1
DA:14,1
DA:15,1
DA:16,1
DA:35,1
DA:36,1
DA:37,1
DA:41,1
DA:42,1
DA:43,1
DA:63,1
DA:64,1
DA:65,1
DA:69,1
DA:70,1
DA:71,1
DA:92,1
DA:93,1
DA:97,1
DA:98,1
DA:101,1
DA:102,1
DA:103,1
DA:104,1
DA:128,1
DA:129,1
DA:130,1
DA:131,1
DA:134,1
DA:135,1
DA:136,1
DA:137,1
DA:161,1
DA:162,1
DA:163,1
DA:164,1
DA:167,1
DA:168,1
DA:169,1
DA:170,1
DA:194,1
DA:195,1
DA:196,1
DA:197,1
LF:47
LH:47
BRF:0
BRH:0
end_of_record
TN:
SF:E:\vue-gulu\src\tabs\tabs-body.vue
FN:10,(anonymous_0)
FNF:1
FNH:0
FNDA:0,(anonymous_0)
LF:0
LH:0
BRF:0
BRH:0
end_of_record
TN:
SF:E:\vue-gulu\tests\unit\tabs-body.spec.js
FN:7,(anonymous_0)
FN:8,(anonymous_1)
FNF:2
FNH:2
FNDA:1,(anonymous_0)
FNDA:1,(anonymous_1)
DA:7,1
DA:8,1
DA:9,1
LF:3
LH:3
BRF:0
BRH:0
end_of_record
TN:
SF:E:\vue-gulu\src\tabs\tabs-head.vue
FN:15,(anonymous_0)
FN:19,(anonymous_1)
FN:20,(anonymous_2)
FNF:3
FNH:0
FNDA:0,(anonymous_0)
FNDA:0,(anonymous_1)
FNDA:0,(anonymous_2)
DA:16,0
DA:20,0
DA:21,0
DA:22,0
DA:23,0
LF:5
LH:0
BRF:0
BRH:0
end_of_record
TN:
SF:E:\vue-gulu\tests\unit\tabs-head.spec.js
FN:7,(anonymous_0)
FN:8,(anonymous_1)
FNF:2
FNH:2
FNDA:1,(anonymous_0)
FNDA:1,(anonymous_1)
DA:7,1
DA:8,1
DA:9,1
LF:3
LH:3
BRF:0
BRH:0
end_of_record
TN:
SF:E:\vue-gulu\src\tabs\tabs-item.vue
FN:10,(anonymous_0)
FN:26,(anonymous_1)
FN:33,(anonymous_2)
FN:35,(anonymous_3)
FN:42,(anonymous_4)
FNF:5
FNH:0
FNDA:0,(anonymous_0)
FNDA:0,(anonymous_1)
FNDA:0,(anonymous_2)
FNDA:0,(anonymous_3)
FNDA:0,(anonymous_4)
DA:11,0
DA:27,0
DA:34,0
DA:35,0
DA:36,0
DA:43,0
DA:44,0
DA:46,0
DA:47,0
LF:9
LH:0
BRDA:34,0,0,0
BRDA:34,0,1,0
BRDA:43,1,0,0
BRDA:43,1,1,0
BRDA:46,2,0,0
BRDA:46,2,1,0
BRF:6
BRH:0
end_of_record
TN:
SF:E:\vue-gulu\tests\unit\tabs-item.spec.js
FN:6,(anonymous_0)
FN:7,(anonymous_1)
FNF:2
FNH:2
FNDA:1,(anonymous_0)
FNDA:1,(anonymous_1)
DA:6,1
DA:7,1
DA:8,1
LF:3
LH:3
BRF:0
BRH:0
end_of_record
TN:
SF:E:\vue-gulu\src\tabs\tabs-pane.vue
FN:10,(anonymous_0)
FN:22,(anonymous_1)
FN:28,(anonymous_2)
FN:29,(anonymous_3)
FNF:4
FNH:0
FNDA:0,(anonymous_0)
FNDA:0,(anonymous_1)
FNDA:0,(anonymous_2)
FNDA:0,(anonymous_3)
DA:11,0
DA:23,0
DA:29,0
DA:30,0
DA:31,0
DA:33,0
LF:6
LH:0
BRDA:30,0,0,0
BRDA:30,0,1,0
BRF:2
BRH:0
end_of_record
TN:
SF:E:\vue-gulu\tests\unit\tabs-pane.spec.js
FN:7,(anonymous_0)
FN:8,(anonymous_1)
FNF:2
FNH:2
FNDA:1,(anonymous_0)
FNDA:1,(anonymous_1)
DA:7,1
DA:8,1
DA:9,1
LF:3
LH:3
BRF:0
BRH:0
end_of_record
TN:
SF:E:\vue-gulu\src\tabs\tabs.vue
FN:18,(anonymous_0)
FN:23,(anonymous_1)
FN:28,(anonymous_2)
FN:33,(anonymous_3)
FN:37,(anonymous_4)
FN:42,(anonymous_5)
FN:43,(anonymous_6)
FN:45,(anonymous_7)
FN:54,(anonymous_8)
FNF:9
FNH:0
FNDA:0,(anonymous_0)
FNDA:0,(anonymous_1)
FNDA:0,(anonymous_2)
FNDA:0,(anonymous_3)
FNDA:0,(anonymous_4)
FNDA:0,(anonymous_5)
FNDA:0,(anonymous_6)
FNDA:0,(anonymous_7)
FNDA:0,(anonymous_8)
DA:19,0
DA:24,0
DA:29,0
DA:38,0
DA:39,0
DA:43,0
DA:44,0
DA:45,0
DA:46,0
DA:47,0
DA:55,0
DA:56,0
LF:12
LH:0
BRDA:38,0,0,0
BRDA:38,0,1,0
BRDA:39,1,0,0
BRDA:39,1,1,0
BRDA:39,1,2,0
BRDA:44,2,0,0
BRDA:44,2,1,0
BRDA:46,3,0,0
BRDA:46,3,1,0
BRDA:46,4,0,0
BRDA:46,4,1,0
BRF:11
BRH:0
end_of_record
TN:
SF:E:\vue-gulu\tests\unit\tabs.spec.js
FN:7,(anonymous_0)
FN:8,(anonymous_1)
FNF:2
FNH:2
FNDA:1,(anonymous_0)
FNDA:1,(anonymous_1)
DA:7,1
DA:8,1
DA:9,1
LF:3
LH:3
BRF:0
BRH:0
end_of_record
TN:
SF:E:\vue-gulu\src\toast.vue
FN:22,(anonymous_0)
FN:28,(anonymous_1)
FN:41,(anonymous_2)
FN:46,(anonymous_3)
FN:48,(anonymous_4)
FN:53,(anonymous_5)
FN:60,(anonymous_6)
FN:62,(anonymous_7)
FN:67,(anonymous_8)
FN:68,(anonymous_9)
FN:72,(anonymous_10)
FN:77,(anonymous_11)
FN:80,(anonymous_12)
FNF:13
FNH:0
FNDA:0,(anonymous_0)
FNDA:0,(anonymous_1)
FNDA:0,(anonymous_2)
FNDA:0,(anonymous_3)
FNDA:0,(anonymous_4)
FNDA:0,(anonymous_5)
FNDA:0,(anonymous_6)
FNDA:0,(anonymous_7)
FNDA:0,(anonymous_8)
FNDA:0,(anonymous_9)
FNDA:0,(anonymous_10)
FNDA:0,(anonymous_11)
FNDA:0,(anonymous_12)
DA:23,0
DA:29,0
DA:42,0
DA:49,0
DA:50,0
DA:54,0
DA:61,0
DA:62,0
DA:63,0
DA:68,0
DA:69,0
DA:73,0
DA:74,0
DA:75,0
DA:81,0
DA:82,0
DA:83,0
LF:17
LH:0
BRDA:23,0,0,0
BRDA:23,0,1,0
BRDA:61,1,0,0
BRDA:61,1,1,0
BRDA:82,2,0,0
BRDA:82,2,1,0
BRDA:82,3,0,0
BRDA:82,3,1,0
BRF:8
BRH:0
end_of_record
TN:
SF:E:\vue-gulu\tests\unit\toast.spec.js
FN:8,(anonymous_0)
FN:9,(anonymous_1)
FNF:2
FNH:2
FNDA:1,(anonymous_0)
FNDA:1,(anonymous_1)
DA:8,1
DA:9,1
DA:10,1
LF:3
LH:3
BRF:0
BRH:0
end_of_record
TN:
SF:E:\vue-gulu\src\http.js
FN:1,core
FN:4,(anonymous_1)
FN:8,(anonymous_2)
FN:15,(anonymous_3)
FN:16,(anonymous_4)
FN:19,(anonymous_5)
FN:20,(anonymous_6)
FN:21,(anonymous_7)
FNF:8
FNH:0
FNDA:0,core
FNDA:0,(anonymous_1)
FNDA:0,(anonymous_2)
FNDA:0,(anonymous_3)
FNDA:0,(anonymous_4)
FNDA:0,(anonymous_5)
FNDA:0,(anonymous_6)
FNDA:0,(anonymous_7)
DA:2,0
DA:3,0
DA:4,0
DA:6,0
DA:8,0
DA:10,0
DA:12,0
DA:17,0
LF:8
LH:0
BRDA:6,0,0,0
BRDA:6,0,1,0
BRDA:10,1,0,0
BRDA:10,1,1,0
BRF:4
BRH:0
end_of_record
TN:
SF:E:\vue-gulu\src\uploader.vue
FN:52,(anonymous_0)
FN:59,(anonymous_1)
FN:65,(anonymous_2)
FN:70,(anonymous_3)
FN:82,(anonymous_4)
FN:92,(anonymous_5)
FN:108,(anonymous_6)
FN:113,(anonymous_7)
FN:118,(anonymous_8)
FN:121,(anonymous_9)
FN:130,(anonymous_10)
FN:137,(anonymous_11)
FN:138,(anonymous_12)
FN:148,(anonymous_13)
FN:149,(anonymous_14)
FN:162,(anonymous_15)
FN:163,(anonymous_16)
FN:171,(anonymous_17)
FNF:18
FNH:12
FNDA:0,(anonymous_0)
FNDA:1,(anonymous_1)
FNDA:1,(anonymous_2)
FNDA:1,(anonymous_3)
FNDA:1,(anonymous_4)
FNDA:1,(anonymous_5)
FNDA:2,(anonymous_6)
FNDA:0,(anonymous_7)
FNDA:2,(anonymous_8)
FNDA:1,(anonymous_9)
FNDA:2,(anonymous_10)
FNDA:2,(anonymous_11)
FNDA:4,(anonymous_12)
FNDA:0,(anonymous_13)
FNDA:0,(anonymous_14)
FNDA:2,(anonymous_15)
FNDA:0,(anonymous_16)
FNDA:0,(anonymous_17)
DA:52,0
DA:60,1
DA:68,1
DA:70,1
DA:74,1
DA:76,1
DA:79,1
DA:83,1
DA:84,1
DA:85,1
DA:86,1
DA:87,1
DA:88,1
DA:89,1
DA:93,1
DA:94,1
DA:95,2
DA:96,2
DA:98,2
DA:99,2
DA:101,1
DA:102,1
DA:103,2
DA:104,2
DA:106,2
DA:107,2
DA:108,2
DA:110,2
DA:111,2
DA:112,2
DA:114,0
DA:119,2
DA:122,1
DA:123,1
DA:124,2
DA:125,2
DA:126,0
DA:127,0
DA:130,1
DA:131,2
DA:132,2
DA:134,1
DA:135,1
DA:138,4
DA:139,2
DA:140,2
DA:141,2
DA:142,2
DA:143,2
DA:144,2
DA:145,2
DA:149,0
DA:150,0
DA:151,0
DA:152,0
DA:153,0
DA:154,0
DA:155,0
DA:156,0
DA:157,0
DA:158,0
DA:160,0
DA:163,2
DA:164,0
DA:165,0
DA:166,0
DA:167,0
DA:169,2
DA:172,0
DA:173,0
DA:174,0
DA:175,0
DA:176,0
DA:177,0
LF:74
LH:49
BRDA:101,0,0,0
BRDA:101,0,1,1
BRDA:125,1,0,0
BRDA:125,1,1,2
BRDA:157,2,0,0
BRDA:157,2,1,0
BRDA:173,3,0,0
BRDA:173,3,1,0
BRF:8
BRH:2
end_of_record
TN:
SF:E:\vue-gulu\tests\unit\uploader.spec.js
FN:9,(anonymous_0)
FN:10,(anonymous_1)
FN:14,(anonymous_2)
FN:15,(anonymous_3)
FN:16,(anonymous_4)
FN:29,(anonymous_5)
FN:39,(anonymous_6)
FN:42,(anonymous_7)
FNF:8
FNH:7
FNDA:1,(anonymous_0)
FNDA:1,(anonymous_1)
FNDA:1,(anonymous_2)
FNDA:2,(anonymous_3)
FNDA:2,(anonymous_4)
FNDA:2,(anonymous_5)
FNDA:3,(anonymous_6)
FNDA:0,(anonymous_7)
DA:7,1
DA:9,1
DA:10,1
DA:11,1
DA:14,1
DA:15,1
DA:16,2
DA:17,2
DA:19,2
DA:20,2
DA:21,2
DA:24,1
DA:30,2
DA:31,2
DA:40,3
DA:43,0
DA:44,0
DA:45,0
DA:46,0
DA:51,1
DA:52,1
DA:53,1
DA:54,1
DA:55,1
DA:56,1
DA:57,1
DA:58,1
DA:59,1
DA:60,1
DA:61,1
LF:30
LH:26
BRF:0
BRH:0
end_of_record
TN:
SF:E:\vue-gulu\src\validate.js
FN:2,(anonymous_0)
FN:5,(anonymous_1)
FN:6,(anonymous_2)
FN:8,(anonymous_3)
FN:19,(anonymous_4)
FN:20,(anonymous_5)
FN:36,(anonymous_6)
FN:41,(anonymous_7)
FN:49,(anonymous_8)
FN:54,(anonymous_9)
FN:61,ensureObject
FNF:11
FNH:11
FNDA:1,(anonymous_0)
FNDA:15,(anonymous_1)
FNDA:15,(anonymous_2)
FNDA:15,(anonymous_3)
FNDA:39,(anonymous_4)
FNDA:15,(anonymous_5)
FNDA:9,(anonymous_6)
FNDA:5,(anonymous_7)
FNDA:2,(anonymous_8)
FNDA:2,(anonymous_9)
FNDA:12,ensureObject
DA:3,1
DA:7,15
DA:8,15
DA:9,15
DA:10,15
DA:11,9
DA:12,9
DA:13,2
DA:14,2
DA:15,2
DA:19,39
DA:20,13
DA:22,15
DA:23,13
DA:24,13
DA:25,10
DA:26,10
DA:29,2
DA:34,13
DA:37,9
DA:38,2
DA:42,5
DA:43,5
DA:45,5
DA:46,3
DA:50,2
DA:51,1
DA:55,2
DA:56,2
DA:62,12
DA:63,11
LF:31
LH:31
BRDA:10,0,0,9
BRDA:10,0,1,6
BRDA:12,1,0,2
BRDA:12,1,1,7
BRDA:19,2,0,39
BRDA:19,2,1,26
BRDA:22,3,0,13
BRDA:22,3,1,2
BRDA:24,4,0,10
BRDA:24,4,1,3
BRDA:37,5,0,2
BRDA:37,5,1,7
BRDA:37,6,0,9
BRDA:37,6,1,9
BRDA:42,7,0,5
BRDA:42,7,1,0
BRDA:45,8,0,3
BRDA:45,8,1,2
BRDA:50,9,0,1
BRDA:50,9,1,1
BRDA:55,10,0,2
BRDA:55,10,1,0
BRDA:62,11,0,11
BRDA:62,11,1,1
BRF:24
BRH:22
end_of_record
TN:
SF:E:\vue-gulu\tests\unit\validate.spec.js
FN:7,(anonymous_0)
FN:8,(anonymous_1)
FN:11,(anonymous_2)
FN:22,(anonymous_3)
FN:33,(anonymous_4)
FN:44,(anonymous_5)
FN:55,(anonymous_6)
FN:66,(anonymous_7)
FN:77,(anonymous_8)
FN:89,(anonymous_9)
FN:101,(anonymous_10)
FN:113,(anonymous_11)
FN:126,(anonymous_12)
FN:132,(anonymous_13)
FN:135,(anonymous_14)
FN:142,(anonymous_15)
FN:148,(anonymous_16)
FN:152,(anonymous_17)
FN:163,(anonymous_18)
FN:166,(anonymous_19)
FN:170,(anonymous_20)
FN:174,(anonymous_21)
FN:185,(anonymous_22)
FN:188,(anonymous_23)
FN:191,(anonymous_24)
FNF:25
FNH:24
FNDA:1,(anonymous_0)
FNDA:1,(anonymous_1)
FNDA:1,(anonymous_2)
FNDA:1,(anonymous_3)
FNDA:1,(anonymous_4)
FNDA:1,(anonymous_5)
FNDA:1,(anonymous_6)
FNDA:1,(anonymous_7)
FNDA:1,(anonymous_8)
FNDA:1,(anonymous_9)
FNDA:1,(anonymous_10)
FNDA:1,(anonymous_11)
FNDA:1,(anonymous_12)
FNDA:1,(anonymous_13)
FNDA:1,(anonymous_14)
FNDA:1,(anonymous_15)
FNDA:1,(anonymous_16)
FNDA:1,(anonymous_17)
FNDA:1,(anonymous_18)
FNDA:1,(anonymous_19)
FNDA:1,(anonymous_20)
FNDA:2,(anonymous_21)
FNDA:0,(anonymous_22)
FNDA:1,(anonymous_23)
FNDA:1,(anonymous_24)
DA:4,1
DA:7,1
DA:8,1
DA:9,1
DA:11,1
DA:12,1
DA:15,1
DA:18,1
DA:19,1
DA:20,1
DA:22,1
DA:23,1
DA:26,1
DA:29,1
DA:30,1
DA:31,1
DA:33,1
DA:34,1
DA:37,1
DA:40,1
DA:41,1
DA:42,1
DA:44,1
DA:45,1
DA:48,1
DA:51,1
DA:52,1
DA:53,1
DA:55,1
DA:56,1
DA:59,1
DA:62,1
DA:63,1
DA:64,1
DA:66,1
DA:67,1
DA:70,1
DA:73,1
DA:74,1
DA:75,1
DA:77,1
DA:78,1
DA:81,1
DA:84,1
DA:85,1
DA:86,1
DA:87,1
DA:89,1
DA:90,1
DA:93,1
DA:96,1
DA:97,1
DA:98,1
DA:99,1
DA:101,1
DA:102,1
DA:105,1
DA:108,1
DA:109,1
DA:110,1
DA:113,1
DA:114,1
DA:115,1
DA:126,1
DA:127,1
DA:128,1
DA:130,1
DA:132,1
DA:133,1
DA:134,1
DA:135,1
DA:136,1
DA:137,1
DA:140,1
DA:142,1
DA:143,1
DA:145,1
DA:146,1
DA:148,1
DA:149,1
DA:150,1
DA:151,1
DA:152,1
DA:153,1
DA:154,1
DA:157,1
DA:163,1
DA:164,1
DA:166,1
DA:167,1
DA:170,1
DA:171,1
DA:172,1
DA:173,1
DA:174,1
DA:175,2
DA:176,2
DA:179,1
DA:185,1
DA:186,0
DA:188,1
DA:189,1
DA:191,1
DA:192,1
LF:104
LH:103
BRDA:136,0,0,1
BRDA:136,0,1,0
BRDA:153,1,0,1
BRDA:153,1,1,0
BRDA:175,2,0,2
BRDA:175,2,1,0
BRF:6
BRH:3
end_of_record
